TN:
SF:src/components/AdminRoute.jsx
FN:5,AdminRoute
FNF:1
FNH:1
FNDA:3,AdminRoute
DA:1,1
DA:2,1
DA:3,1
DA:5,1
DA:6,3
DA:8,3
DA:9,3
DA:10,1
DA:11,1
DA:12,1
DA:13,1
DA:14,1
DA:15,1
DA:16,1
DA:17,1
DA:19,1
DA:22,1
DA:24,2
DA:25,3
DA:26,1
DA:27,1
DA:29,1
DA:30,1
DA:31,1
DA:33,1
LF:25
LH:25
BRDA:5,0,0,3
BRDA:9,1,0,1
BRDA:9,2,0,1
BRDA:22,3,0,2
BRDA:25,4,0,1
BRF:5
BRH:5
end_of_record
TN:
SF:src/components/Header.jsx
FN:25,Header
FN:52,handleDrawerToggle
FN:56,handleLogout
FN:60,confirmLogout
FN:256,onClose
FNF:5
FNH:4
FNDA:12,Header
FNDA:1,handleDrawerToggle
FNDA:2,handleLogout
FNDA:2,confirmLogout
FNDA:0,onClose
DA:1,1
DA:2,1
DA:17,1
DA:18,1
DA:19,1
DA:20,1
DA:21,1
DA:22,1
DA:23,1
DA:25,12
DA:26,12
DA:27,12
DA:28,12
DA:29,12
DA:31,12
DA:33,12
DA:34,12
DA:35,12
DA:37,12
DA:38,12
DA:39,1
DA:40,1
DA:41,1
DA:42,1
DA:43,1
DA:50,1
DA:52,11
DA:53,1
DA:54,1
DA:56,11
DA:57,2
DA:58,2
DA:60,11
DA:61,2
DA:62,2
DA:63,1
DA:64,1
DA:65,1
DA:66,1
DA:67,1
DA:68,1
DA:69,1
DA:70,1
DA:71,2
DA:73,11
DA:74,11
DA:75,12
DA:76,12
DA:77,12
DA:78,12
DA:80,12
DA:81,12
DA:82,12
DA:85,12
DA:86,12
DA:87,12
DA:88,12
DA:89,12
DA:90,12
DA:91,12
DA:92,12
DA:93,12
DA:94,12
DA:95,12
DA:96,12
DA:97,12
DA:98,12
DA:99,12
DA:101,12
DA:105,12
DA:106,12
DA:107,7
DA:108,7
DA:109,7
DA:110,7
DA:111,7
DA:117,7
DA:118,12
DA:119,12
DA:120,12
DA:123,12
DA:124,12
DA:125,12
DA:134,12
DA:135,12
DA:136,12
DA:137,12
DA:138,12
DA:139,12
DA:140,12
DA:141,12
DA:142,12
DA:143,12
DA:144,12
DA:145,12
DA:146,12
DA:147,12
DA:148,12
DA:149,12
DA:152,12
DA:153,12
DA:154,12
DA:155,12
DA:156,12
DA:157,12
DA:158,12
DA:159,12
DA:160,12
DA:161,12
DA:162,12
DA:166,12
DA:167,12
DA:168,12
DA:169,12
DA:170,12
DA:171,12
DA:172,12
DA:173,12
DA:174,12
DA:175,12
DA:176,12
DA:177,12
DA:178,12
DA:179,12
DA:180,12
DA:181,4
DA:182,4
DA:183,4
DA:184,4
DA:185,4
DA:186,4
DA:187,4
DA:188,4
DA:189,4
DA:190,29
DA:191,12
DA:193,12
DA:198,12
DA:199,12
DA:200,12
DA:202,12
DA:203,7
DA:204,7
DA:205,7
DA:209,7
DA:212,7
DA:213,12
DA:216,12
DA:223,12
DA:224,12
DA:225,12
DA:226,12
DA:227,12
DA:228,12
DA:230,12
DA:236,12
DA:237,12
DA:238,12
DA:239,12
DA:240,12
DA:241,12
DA:242,12
DA:243,12
DA:244,12
DA:245,12
DA:246,12
DA:248,12
DA:251,12
DA:252,12
DA:253,12
DA:254,12
DA:255,12
DA:256,12
DA:257,12
DA:261,12
DA:263,1
LF:176
LH:176
BRDA:25,0,0,12
BRDA:35,1,0,7
BRDA:38,2,0,1
BRDA:50,3,0,11
BRDA:75,4,0,7
BRDA:75,5,0,1
BRDA:75,6,0,6
BRDA:75,7,0,4
BRDA:106,8,0,7
BRDA:142,9,0,7
BRDA:142,10,0,1
BRDA:142,11,0,6
BRDA:142,12,0,4
BRDA:155,13,0,7
BRDA:155,14,0,1
BRDA:155,15,0,6
BRDA:155,16,0,4
BRDA:200,17,0,1
BRDA:202,18,0,7
BRDA:52,19,0,1
BRDA:56,20,0,2
BRDA:60,21,0,2
BRDA:62,22,0,1
BRDA:174,23,0,4
BRDA:174,24,0,29
BRDA:181,25,0,4
BRDA:189,26,0,29
BRF:27
BRH:27
end_of_record
TN:
SF:src/components/PrivateRoute.jsx
FN:5,PrivateRoute
FNF:1
FNH:1
FNDA:3,PrivateRoute
DA:1,1
DA:2,1
DA:3,1
DA:5,1
DA:6,3
DA:8,3
DA:9,3
DA:10,1
DA:11,1
DA:12,1
DA:13,1
DA:14,1
DA:15,1
DA:16,1
DA:17,1
DA:19,1
DA:22,1
DA:24,2
DA:25,3
DA:26,1
DA:27,1
DA:29,1
DA:30,1
DA:31,1
DA:33,1
LF:25
LH:25
BRDA:5,0,0,3
BRDA:9,1,0,1
BRDA:9,2,0,1
BRDA:22,3,0,2
BRDA:25,4,0,1
BRF:5
BRH:5
end_of_record
TN:
SF:src/components/SpaceCard.jsx
FN:15,SpaceCard
FNF:1
FNH:1
FNDA:1,SpaceCard
DA:1,1
DA:11,1
DA:12,1
DA:13,1
DA:15,1
DA:16,1
DA:17,1
DA:18,1
DA:19,1
DA:20,1
DA:21,1
DA:22,1
DA:23,1
DA:24,1
DA:25,1
DA:26,1
DA:27,1
DA:28,1
DA:29,1
DA:31,1
DA:32,1
DA:33,1
DA:34,1
DA:35,1
DA:36,1
DA:38,1
DA:39,1
DA:40,1
DA:41,1
DA:42,1
DA:43,1
DA:44,1
DA:45,1
DA:46,1
DA:48,1
DA:50,1
DA:51,1
DA:52,1
DA:53,1
DA:54,1
DA:55,1
DA:56,1
DA:57,1
DA:58,1
DA:59,1
DA:60,1
DA:64,1
DA:65,1
DA:66,1
DA:67,1
DA:68,1
DA:69,1
DA:70,1
DA:71,1
DA:73,1
DA:74,1
DA:76,1
DA:77,1
DA:78,1
DA:83,1
DA:84,1
DA:85,1
DA:86,1
DA:87,1
DA:88,1
DA:89,1
DA:91,1
DA:92,1
DA:93,1
DA:97,1
DA:98,1
DA:99,1
DA:100,1
DA:101,1
DA:102,1
DA:103,1
DA:104,1
DA:105,1
DA:106,1
DA:108,1
DA:111,1
DA:112,1
DA:113,1
DA:114,1
DA:115,1
DA:116,1
DA:117,1
DA:118,1
DA:121,1
DA:122,1
DA:123,1
DA:124,1
DA:125,1
DA:126,1
DA:131,1
DA:132,1
DA:133,1
DA:134,1
DA:135,1
DA:136,1
DA:137,1
DA:138,1
DA:139,1
DA:140,1
DA:142,1
DA:143,1
DA:144,1
DA:146,1
DA:147,1
DA:150,1
DA:151,1
DA:152,1
DA:153,1
DA:154,1
DA:155,1
DA:156,1
DA:157,1
DA:163,1
DA:165,1
LF:119
LH:119
BRDA:15,0,0,1
BRDA:35,1,0,0
BRF:2
BRH:1
end_of_record
TN:
SF:src/pages/HomePage.jsx
FN:10,HomePage
FN:15,handleListSpaceClick
FN:28,sx
FNF:3
FNH:3
FNDA:3,HomePage
FNDA:1,handleListSpaceClick
FNDA:3,sx
DA:1,1
DA:2,1
DA:3,1
DA:4,1
DA:6,1
DA:7,1
DA:8,1
DA:10,3
DA:11,3
DA:12,3
DA:13,3
DA:15,3
DA:16,1
DA:17,1
DA:18,0
DA:19,0
DA:21,1
DA:22,1
DA:23,1
DA:24,3
DA:25,3
DA:27,3
DA:28,3
DA:29,3
DA:30,3
DA:31,3
DA:32,3
DA:33,3
DA:34,0
DA:35,3
DA:36,3
DA:38,3
DA:39,3
DA:40,3
DA:43,3
DA:47,3
DA:48,3
DA:49,3
DA:50,3
DA:51,3
DA:52,3
DA:53,3
DA:54,3
DA:55,3
DA:56,3
DA:58,3
DA:59,3
DA:60,3
DA:61,3
DA:62,3
DA:63,3
DA:64,3
DA:65,3
DA:66,3
DA:69,3
DA:70,3
DA:71,3
DA:73,3
DA:74,3
DA:75,3
DA:76,3
DA:77,3
DA:78,3
DA:79,3
DA:80,3
DA:81,3
DA:90,3
DA:91,3
DA:92,3
DA:97,3
DA:98,0
DA:99,3
DA:100,0
DA:102,3
DA:108,3
DA:109,3
DA:110,3
DA:113,3
DA:116,3
DA:117,3
DA:118,3
DA:119,3
DA:120,3
DA:121,3
DA:122,3
DA:124,3
DA:130,3
DA:132,1
LF:88
LH:83
BRDA:10,0,0,3
BRDA:97,1,0,0
BRDA:99,2,0,0
BRDA:124,3,0,1
BRDA:124,4,0,2
BRDA:15,5,0,1
BRDA:17,6,0,0
BRDA:28,7,0,3
BRDA:31,8,0,0
BRDA:33,9,0,0
BRF:10
BRH:5
end_of_record
